<?xml version="1.0" ?>
<!DOCTYPE coverage SYSTEM "http://cobertura.sourceforge.net/xml/coverage-04.dtd">
<coverage lines-valid="100" lines-covered="85" line-rate="0.85" branches-valid="40" branches-covered="32" branch-rate="0.8" timestamp="1704398400000" complexity="0" version="0.1">
  <sources>
    <source>/Users/test/project/</source>
  </sources>
  <packages>
    <package name="components" line-rate="0.9" branch-rate="0.85" complexity="0">
      <classes>
        <class name="Button.js" filename="src/components/Button.js" line-rate="0.9" branch-rate="0.85" complexity="0">
          <methods></methods>
          <lines>
            <line number="1" hits="1" branch="false"/>
            <line number="2" hits="1" branch="false"/>
            <line number="5" hits="1" branch="true" condition-coverage="100% (2/2)"/>
            <line number="6" hits="1" branch="false"/>
            <line number="7" hits="0" branch="false"/>
            <line number="10" hits="1" branch="false"/>
          </lines>
        </class>
        <class name="Input.js" filename="src/components/Input.js" line-rate="0.8" branch-rate="0.75" complexity="0">
          <methods></methods>
          <lines>
            <line number="1" hits="1" branch="false"/>
            <line number="2" hits="1" branch="false"/>
            <line number="5" hits="1" branch="true" condition-coverage="50% (1/2)"/>
            <line number="6" hits="0" branch="false"/>
            <line number="7" hits="0" branch="false"/>
          </lines>
        </class>
      </classes>
    </package>
  </packages>
</coverage>

